0 info it worked if it ends with ok
1 verbose cli [ 'D:\\nodejs\\node.exe',
1 verbose cli   'D:\\nodejs\\node_modules\\npm\\bin\\npm-cli.js',
1 verbose cli   'install',
1 verbose cli   'mysqljs/mysql' ]
2 info using npm@2.15.5
3 info using node@v4.4.5
4 verbose install initial load of C:\Users\Hwang\git\cidermics\package.json
5 verbose installManyTop reading scoped package data from C:\Users\Hwang\git\cidermics\node_modules\body-parser\package.json
6 verbose installManyTop reading scoped package data from C:\Users\Hwang\git\cidermics\node_modules\cookie-parser\package.json
7 verbose installManyTop reading scoped package data from C:\Users\Hwang\git\cidermics\node_modules\debug\package.json
8 verbose installManyTop reading scoped package data from C:\Users\Hwang\git\cidermics\node_modules\ejs\package.json
9 verbose installManyTop reading scoped package data from C:\Users\Hwang\git\cidermics\node_modules\express\package.json
10 verbose installManyTop reading scoped package data from C:\Users\Hwang\git\cidermics\node_modules\file-system\package.json
11 verbose installManyTop reading scoped package data from C:\Users\Hwang\git\cidermics\node_modules\formidable\package.json
12 verbose installManyTop reading scoped package data from C:\Users\Hwang\git\cidermics\node_modules\morgan\package.json
13 verbose installManyTop reading scoped package data from C:\Users\Hwang\git\cidermics\node_modules\multer\package.json
14 verbose installManyTop reading scoped package data from C:\Users\Hwang\git\cidermics\node_modules\node-dir\package.json
15 verbose installManyTop reading scoped package data from C:\Users\Hwang\git\cidermics\node_modules\serve-favicon\package.json
16 verbose installManyTop reading scoped package data from C:\Users\Hwang\git\cidermics\node_modules\xhr\package.json
17 info package.json xhr@2.2.0 No license field.
18 info package.json formidable@1.0.17 No license field.
19 verbose readDependencies loading dependencies from C:\Users\Hwang\git\cidermics\package.json
20 silly cache add args [ 'mysqljs/mysql', null ]
21 verbose cache add spec mysqljs/mysql
22 silly cache add parsed spec Result {
22 silly cache add   raw: 'mysqljs/mysql',
22 silly cache add   scope: null,
22 silly cache add   name: null,
22 silly cache add   rawSpec: 'mysqljs/mysql',
22 silly cache add   spec: 'github:mysqljs/mysql',
22 silly cache add   type: 'hosted',
22 silly cache add   hosted:
22 silly cache add    { type: 'github',
22 silly cache add      ssh: 'git@github.com:mysqljs/mysql.git',
22 silly cache add      sshUrl: 'git+ssh://git@github.com/mysqljs/mysql.git',
22 silly cache add      httpsUrl: 'git+https://github.com/mysqljs/mysql.git',
22 silly cache add      gitUrl: 'git://github.com/mysqljs/mysql.git',
22 silly cache add      shortcut: 'github:mysqljs/mysql',
22 silly cache add      directUrl: 'https://raw.githubusercontent.com/mysqljs/mysql/master/package.json' } }
23 verbose addRemoteGit caching mysqljs/mysql
24 verbose addRemoteGit mysqljs/mysql is a repository hosted by github
25 silly tryGitProto attempting to clone git://github.com/mysqljs/mysql.git
26 silly tryClone cloning mysqljs/mysql via git://github.com/mysqljs/mysql.git
27 verbose tryClone git-github-com-mysqljs-mysql-git-cbcda01f not in flight; caching
28 verbose correctMkdir C:\Users\Hwang\AppData\Roaming\npm-cache\_git-remotes correctMkdir not in flight; initializing
29 verbose makeDirectory C:\Users\Hwang\AppData\Roaming\npm-cache\_git-remotes creation not in flight; initializing
30 verbose makeCacheDir UID & GID are irrelevant on win32
31 verbose git clone --template=C:\Users\Hwang\AppData\Roaming\npm-cache\_git-remotes\_templates --mirror git://github.com/mysqljs/mysql.git C:\Users\Hwang\AppData\Roaming\npm-cache\_git-remotes\git-github-com-mysqljs-mysql-git-cbcda01f: undefined
31 verbose git clone --template=C:\Users\Hwang\AppData\Roaming\npm-cache\_git-remotes\_templates --mirror git://github.com/mysqljs/mysql.git C:\Users\Hwang\AppData\Roaming\npm-cache\_git-remotes\git-github-com-mysqljs-mysql-git-cbcda01f: undefined
32 silly tryHTTPS attempting to clone git+https://github.com/mysqljs/mysql.git
33 silly tryClone cloning mysqljs/mysql via git+https://github.com/mysqljs/mysql.git
34 verbose tryClone https-github-com-mysqljs-mysql-git-e813de98 not in flight; caching
35 verbose correctMkdir C:\Users\Hwang\AppData\Roaming\npm-cache\_git-remotes correctMkdir not in flight; initializing
36 verbose git clone --template=C:\Users\Hwang\AppData\Roaming\npm-cache\_git-remotes\_templates --mirror https://github.com/mysqljs/mysql.git C:\Users\Hwang\AppData\Roaming\npm-cache\_git-remotes\https-github-com-mysqljs-mysql-git-e813de98: undefined
36 verbose git clone --template=C:\Users\Hwang\AppData\Roaming\npm-cache\_git-remotes\_templates --mirror https://github.com/mysqljs/mysql.git C:\Users\Hwang\AppData\Roaming\npm-cache\_git-remotes\https-github-com-mysqljs-mysql-git-e813de98: undefined
37 silly trySSH attempting to clone git@github.com:mysqljs/mysql.git
38 silly tryClone cloning mysqljs/mysql via git@github.com:mysqljs/mysql.git
39 verbose tryClone git-github-com-mysqljs-mysql-git-368fb3d4 not in flight; caching
40 verbose correctMkdir C:\Users\Hwang\AppData\Roaming\npm-cache\_git-remotes correctMkdir not in flight; initializing
41 error git clone --template=C:\Users\Hwang\AppData\Roaming\npm-cache\_git-remotes\_templates --mirror git@github.com:mysqljs/mysql.git C:\Users\Hwang\AppData\Roaming\npm-cache\_git-remotes\git-github-com-mysqljs-mysql-git-368fb3d4: undefined
41 error git clone --template=C:\Users\Hwang\AppData\Roaming\npm-cache\_git-remotes\_templates --mirror git@github.com:mysqljs/mysql.git C:\Users\Hwang\AppData\Roaming\npm-cache\_git-remotes\git-github-com-mysqljs-mysql-git-368fb3d4: undefined
42 verbose stack Error: not found: git
42 verbose stack     at getNotFoundError (D:\nodejs\node_modules\npm\node_modules\which\which.js:15:12)
42 verbose stack     at F (D:\nodejs\node_modules\npm\node_modules\which\which.js:70:19)
42 verbose stack     at E (D:\nodejs\node_modules\npm\node_modules\which\which.js:82:29)
42 verbose stack     at D:\nodejs\node_modules\npm\node_modules\which\which.js:91:16
42 verbose stack     at D:\nodejs\node_modules\npm\node_modules\which\node_modules\isexe\index.js:44:5
42 verbose stack     at D:\nodejs\node_modules\npm\node_modules\which\node_modules\isexe\windows.js:29:5
42 verbose stack     at FSReqWrap.oncomplete (fs.js:82:15)
43 verbose cwd C:\Users\Hwang\git\cidermics
44 error Windows_NT 6.1.7601
45 error argv "D:\\nodejs\\node.exe" "D:\\nodejs\\node_modules\\npm\\bin\\npm-cli.js" "install" "mysqljs/mysql"
46 error node v4.4.5
47 error npm  v2.15.5
48 error code ENOGIT
49 error not found: git
50 error Failed using git.
50 error This is most likely not a problem with npm itself.
50 error Please check if you have git installed and in your PATH.
51 verbose exit [ 1, true ]
